
                         Lattice Mapping Report File

Design:  aes
Family:  iCE40UP
Device:  iCE40UP5K
Package: SG48
Performance Grade:  High-Performance_1.2V

Mapper:    version Radiant Software (64-bit) 2024.1.0.34.2
Mapped on: Wed Oct 30 22:54:43 2024

Design Information
------------------

Command line:   map -pdc
     C:/Users/vparizot/E155/lab7mvp/lab07_fpga/lab7radiant/pins.pdc -i
     lab7radiant_impl_1_syn.udb -o lab7radiant_impl_1_map.udb -mp
     lab7radiant_impl_1.mrp -hierrpt -gui -msgset
     C:/Users/vparizot/E155/lab7mvp/lab07_fpga/lab7radiant/promote.xml

Design Summary
--------------

   Number of slice registers: 2113 out of  5280 (40%)
   Number of I/O registers:      1 out of   117 (1%)
   Number of LUT4s:           4796 out of  5280 (91%)
      Number of logic LUT4s:             3668
      Number of inserted feedthru LUT4s: 1090
      Number of ripple logic:             19 (38 LUT4s)
   Number of IO sites used:   5 out of 39 (13%)
      Number of IO sites used for general PIO: 5
      Number of IO sites used for I3C: 0 out of 2 (0%)
      (note: If I3C is not used, its site can be used as general PIO)
      Number of IO sites used for PIO+I3C: 5 out of 36 (14%)
      Number of IO sites used for OD+RGB IO buffers: 0 out of 3 (0%)
      (note: If RGB LED drivers are not used, sites can be used as OD outputs,
       see TN1288 iCE40 LED Driver Usage Guide)
      Number of IO sites used for PIO+I3C+OD+RGB: 5 out of 39 (13%)
   Number of DSPs:             0 out of 8 (0%)
   Number of I2Cs:             0 out of 2 (0%)
   Number of High Speed OSCs:  1 out of 1 (100%)
   Number of Low Speed OSCs:   0 out of 1 (0%)
   Number of RGB PWM:          0 out of 1 (0%)
   Number of RGB Drivers:      0 out of 1 (0%)
   Number of SCL FILTERs:      0 out of 2 (0%)
   Number of SRAMs:            0 out of 4 (0%)
   Number of WARMBOOTs:        0 out of 1 (0%)
   Number of SPIs:             0 out of 2 (0%)
   Number of EBRs:             30 out of 30 (100%)
   Number of PLLs:             0 out of 1 (0%)
   Number of Clocks:  3
      Net sck_c: 385 loads, 383 rising, 2 falling (Driver: Port sck)
      Net clk: 1729 loads, 1729 rising, 0 falling (Driver: Pin
     hsosc.counter_121__i7/Q)
      Net hsosc.int_osc: 13 loads, 13 rising, 0 falling (Driver: Pin
     hsosc.hf_osc/CLKHF)
   Number of Clock Enables:  5
      Pin load: 256 loads, 256 SLICEs (Net: load_c)
      Net n1083: 4 loads, 4 SLICEs
      Net n6824: 256 loads, 256 SLICEs
      Net done_pad.vcc: 91 loads, 0 SLICEs

                                    Page 1





Design Summary (cont)
---------------------
      Net core.n1055: 128 loads, 128 SLICEs
   Number of LSRs:  6
      Pin load: 4 loads, 4 SLICEs (Net: load_c)
      Net n1049: 6 loads, 6 SLICEs
      Net core.round[2]_2: 1 loads, 1 SLICEs
      Net core.n14607: 1 loads, 1 SLICEs
      Net core.n108: 1 loads, 1 SLICEs
      Net hsosc.n7046: 13 loads, 13 SLICEs
   Top 10 highest fanout non-clock nets:
      Net load_c: 266 loads
      Net n9902: 257 loads
      Net core.n8617: 256 loads
      Net n1053: 256 loads
      Net n6824: 256 loads
      Net core.textIn10[120]: 129 loads
      Net core.textIn10[121]: 129 loads
      Net core.textIn10[48]: 129 loads
      Net core.textIn10[49]: 129 loads
      Net core.textIn10[50]: 129 loads





   Number of warnings:  0
   Number of criticals: 0
   Number of errors:    0

Design Errors/Criticals/Warnings
--------------------------------

   No error, critical, or warning presents.

IO (PIO) Attributes
-------------------

+---------------------+-----------+-----------+-------+-------+-----------+
| IO Name             | Direction | Levelmode |  IO   |  IO   | Special   |
|                     |           |  IO_TYPE  |  REG  |  DDR  | IO Buffer |
+---------------------+-----------+-----------+-------+-------+-----------+
| load                | INPUT     |           |       |       |           |
+---------------------+-----------+-----------+-------+-------+-----------+
| sdi                 | INPUT     |           | I     |       |           |
+---------------------+-----------+-----------+-------+-------+-----------+
| sck                 | INPUT     |           |       |       |           |
+---------------------+-----------+-----------+-------+-------+-----------+
| done                | OUTPUT    |           |       |       |           |
+---------------------+-----------+-----------+-------+-------+-----------+
| sdo                 | OUTPUT    |           |       |       |           |
+---------------------+-----------+-----------+-------+-------+-----------+

Removed logic
-------------

Block spi/i10_1_lut was optimized away.
Block load_pad.vlo_inst was optimized away.



                                    Page 2





OSC Summary
-----------

OSC 1:                                 Pin/Node Value
  OSC Instance Name:                            hsosc/hf_osc
  Power UP:                            NODE     done_pad.vcc
  Enable Signal:                       NODE     done_pad.vcc
  OSC Output:                          NODE     hsosc.int_osc
  DIV Setting:                                  00

ASIC Components
---------------

Instance Name: spi/key_i0
         Type: IOLOGIC
Instance Name: core/r10/a8/sw1/sboxsyncsw4/temp_24__I_0
         Type: EBR
Instance Name: core/r10/a8/sw1/sboxsyncsw3/temp_16__I_0
         Type: EBR
Instance Name: core/r10/a8/sw1/sboxsyncsw2/temp_8__I_0
         Type: EBR
Instance Name: core/r10/a8/sw1/sboxsyncsw1/temp_0__I_0
         Type: EBR
Instance Name: core/r10/a6/sboxsync6/textIn10_40__I_0
         Type: EBR
Instance Name: core/r10/a6/sboxsync5/textIn10_32__I_0
         Type: EBR
Instance Name: core/r10/a6/sboxsync4/textIn10_24__I_0
         Type: EBR
Instance Name: core/r10/a6/sboxsync3/textIn10_16__I_0
         Type: EBR
Instance Name: core/r10/a6/sboxsync2/textIn10_8__I_0
         Type: EBR
Instance Name: core/r10/a6/sboxsync1/textIn10_0__I_0
         Type: EBR
Instance Name: core/r0/a4/sw1/sboxsyncsw4/temp_24__I_0
         Type: EBR
Instance Name: core/r0/a4/sw1/sboxsyncsw3/temp_16__I_0
         Type: EBR
Instance Name: core/r0/a4/sw1/sboxsyncsw2/temp_8__I_0
         Type: EBR
Instance Name: core/r0/a4/sw1/sboxsyncsw1/temp_0__I_0
         Type: EBR
Instance Name: core/r0/a1/sboxsync9/textIn_64__I_0
         Type: EBR
Instance Name: core/r0/a1/sboxsync8/textIn_56__I_0
         Type: EBR
Instance Name: core/r0/a1/sboxsync7/textIn_48__I_0
         Type: EBR
Instance Name: core/r0/a1/sboxsync6/textIn_40__I_0
         Type: EBR
Instance Name: core/r0/a1/sboxsync5/textIn_32__I_0
         Type: EBR
Instance Name: core/r0/a1/sboxsync4/textIn_24__I_0
         Type: EBR
Instance Name: core/r0/a1/sboxsync3/textIn_16__I_0
         Type: EBR
Instance Name: core/r0/a1/sboxsync2/textIn_8__I_0
         Type: EBR

                                    Page 3





ASIC Components (cont)
----------------------
Instance Name: core/r0/a1/sboxsync1/textIn_0__I_0
         Type: EBR
Instance Name: core/r0/a1/sboxsync16/textIn_120__I_0
         Type: EBR
Instance Name: core/r0/a1/sboxsync15/textIn_112__I_0
         Type: EBR
Instance Name: core/r0/a1/sboxsync14/textIn_104__I_0
         Type: EBR
Instance Name: core/r0/a1/sboxsync13/textIn_96__I_0
         Type: EBR
Instance Name: core/r0/a1/sboxsync12/textIn_88__I_0
         Type: EBR
Instance Name: core/r0/a1/sboxsync11/textIn_80__I_0
         Type: EBR
Instance Name: core/r0/a1/sboxsync10/textIn_72__I_0
         Type: EBR
Instance Name: hsosc/hf_osc
         Type: HFOSC

Constraint Summary
------------------

   Total number of constraints: 6
   Total number of constraints dropped: 0

Run Time and Memory Usage
-------------------------

   Total CPU Time: 1 secs
   Total REAL Time: 2 secs
   Peak Memory Usage: 140 MB
Checksum -- map: 84a5e6ccdf1d4f7261c4f9bfbac14d97e7bf94f5


























                                    Page 4


Copyright (c) 1991-1994 by NeoCAD Inc. All rights reserved.
Copyright (c) 1995
     AT&T Corp.   All rights reserved.
Copyright (c) 1995-2001 Lucent
     Technologies Inc.  All rights reserved.
Copyright (c) 2001 Agere Systems
     All rights reserved.
Copyright (c) 2002-2024 Lattice Semiconductor
     Corporation,  All rights reserved.
